Terminals unused in grammar

    '|'
    '&'


State 0 conflicts: 2 shift/reduce


Grammar

    0 $accept: line $end

    1 line: %empty
    2     | expr endline
    3     | line expr endline

    4 expr: '(' expr ')'
    5     | expr '*' expr
    6     | expr '/' expr
    7     | expr '%' expr
    8     | expr '+' expr
    9     | expr '-' expr
   10     | num


Terminals, with rules where they appear

    $end (0) 0
    '%' (37) 7
    '&' (38)
    '(' (40) 4
    ')' (41) 4
    '*' (42) 5
    '+' (43) 8
    '-' (45) 9
    '/' (47) 6
    '|' (124)
    error (256)
    num <ival> (258) 10
    endline <let> (259) 2 3


Nonterminals, with rules where they appear

    $accept (14)
        on left: 0
    line (15)
        on left: 1 2 3
        on right: 0 3
    expr <ival> (16)
        on left: 4 5 6 7 8 9 10
        on right: 2 3 4 5 6 7 8 9


State 0

    0 $accept: . line $end

    '('  shift, and go to state 1
    num  shift, and go to state 2

    '('       [reduce using rule 1 (line)]
    num       [reduce using rule 1 (line)]
    $default  reduce using rule 1 (line)

    line  go to state 3
    expr  go to state 4


State 1

    4 expr: '(' . expr ')'

    '('  shift, and go to state 1
    num  shift, and go to state 2

    expr  go to state 5


State 2

   10 expr: num .

    $default  reduce using rule 10 (expr)


State 3

    0 $accept: line . $end
    3 line: line . expr endline

    $end  shift, and go to state 6
    '('   shift, and go to state 1
    num   shift, and go to state 2

    expr  go to state 7


State 4

    2 line: expr . endline
    5 expr: expr . '*' expr
    6     | expr . '/' expr
    7     | expr . '%' expr
    8     | expr . '+' expr
    9     | expr . '-' expr

    '+'      shift, and go to state 8
    '-'      shift, and go to state 9
    '*'      shift, and go to state 10
    '/'      shift, and go to state 11
    '%'      shift, and go to state 12
    endline  shift, and go to state 13


State 5

    4 expr: '(' expr . ')'
    5     | expr . '*' expr
    6     | expr . '/' expr
    7     | expr . '%' expr
    8     | expr . '+' expr
    9     | expr . '-' expr

    '+'  shift, and go to state 8
    '-'  shift, and go to state 9
    '*'  shift, and go to state 10
    '/'  shift, and go to state 11
    '%'  shift, and go to state 12
    ')'  shift, and go to state 14


State 6

    0 $accept: line $end .

    $default  accept


State 7

    3 line: line expr . endline
    5 expr: expr . '*' expr
    6     | expr . '/' expr
    7     | expr . '%' expr
    8     | expr . '+' expr
    9     | expr . '-' expr

    '+'      shift, and go to state 8
    '-'      shift, and go to state 9
    '*'      shift, and go to state 10
    '/'      shift, and go to state 11
    '%'      shift, and go to state 12
    endline  shift, and go to state 15


State 8

    8 expr: expr '+' . expr

    '('  shift, and go to state 1
    num  shift, and go to state 2

    expr  go to state 16


State 9

    9 expr: expr '-' . expr

    '('  shift, and go to state 1
    num  shift, and go to state 2

    expr  go to state 17


State 10

    5 expr: expr '*' . expr

    '('  shift, and go to state 1
    num  shift, and go to state 2

    expr  go to state 18


State 11

    6 expr: expr '/' . expr

    '('  shift, and go to state 1
    num  shift, and go to state 2

    expr  go to state 19


State 12

    7 expr: expr '%' . expr

    '('  shift, and go to state 1
    num  shift, and go to state 2

    expr  go to state 20


State 13

    2 line: expr endline .

    $default  reduce using rule 2 (line)


State 14

    4 expr: '(' expr ')' .

    $default  reduce using rule 4 (expr)


State 15

    3 line: line expr endline .

    $default  reduce using rule 3 (line)


State 16

    5 expr: expr . '*' expr
    6     | expr . '/' expr
    7     | expr . '%' expr
    8     | expr . '+' expr
    8     | expr '+' expr .
    9     | expr . '-' expr

    '*'  shift, and go to state 10
    '/'  shift, and go to state 11
    '%'  shift, and go to state 12

    $default  reduce using rule 8 (expr)


State 17

    5 expr: expr . '*' expr
    6     | expr . '/' expr
    7     | expr . '%' expr
    8     | expr . '+' expr
    9     | expr . '-' expr
    9     | expr '-' expr .

    '*'  shift, and go to state 10
    '/'  shift, and go to state 11
    '%'  shift, and go to state 12

    $default  reduce using rule 9 (expr)


State 18

    5 expr: expr . '*' expr
    5     | expr '*' expr .
    6     | expr . '/' expr
    7     | expr . '%' expr
    8     | expr . '+' expr
    9     | expr . '-' expr

    $default  reduce using rule 5 (expr)


State 19

    5 expr: expr . '*' expr
    6     | expr . '/' expr
    6     | expr '/' expr .
    7     | expr . '%' expr
    8     | expr . '+' expr
    9     | expr . '-' expr

    $default  reduce using rule 6 (expr)


State 20

    5 expr: expr . '*' expr
    6     | expr . '/' expr
    7     | expr . '%' expr
    7     | expr '%' expr .
    8     | expr . '+' expr
    9     | expr . '-' expr

    $default  reduce using rule 7 (expr)
